{"sessionId": "0290f3", "runId": "pre-fix", "hypothesisId": "H2", "location": "app.py:action_dispatch", "message": "dispatch_action", "data": {"action": null}, "timestamp": 1773758646.5182128}
{"sessionId": "0290f3", "runId": "pre-fix", "hypothesisId": "H2", "location": "app.py:action_dispatch", "message": "dispatch_action", "data": {"action": null}, "timestamp": 1773759445.1354995}
{"sessionId": "0290f3", "runId": "pre-fix", "hypothesisId": "H2", "location": "app.py:action_dispatch", "message": "dispatch_action", "data": {"action": "start_or_resume"}, "timestamp": 1773759504.1506894}
{"sessionId": "0290f3", "runId": "pre-fix", "hypothesisId": "H1", "location": "season.py:start_selected_game", "message": "start_game_params", "data": {"date": "2025-03-22", "away": "\ud55c\ud654", "home": "KT"}, "timestamp": 1773759504.1524448}
{"sessionId": "0290f3", "runId": "pre-fix", "hypothesisId": "H2", "location": "app.py:action_dispatch", "message": "dispatch_action", "data": {"action": "start_or_resume"}, "timestamp": 1773759504.2024286}
{"sessionId": "0290f3", "runId": "pre-fix", "hypothesisId": "H2", "location": "app.py:action_dispatch", "message": "dispatch_action", "data": {"action": "live_pa"}, "timestamp": 1773759516.753901}
{"sessionId": "0290f3", "runId": "pre-fix", "hypothesisId": "H2", "location": "app.py:action_dispatch", "message": "dispatch_action", "data": {"action": "live_pa"}, "timestamp": 1773759516.7864382}
{"sessionId": "0290f3", "runId": "pre-fix", "hypothesisId": "H2", "location": "app.py:action_dispatch", "message": "dispatch_action", "data": {"action": "live_pa"}, "timestamp": 1773759524.9373534}
{"sessionId": "0290f3", "runId": "pre-fix", "hypothesisId": "H2", "location": "app.py:action_dispatch", "message": "dispatch_action", "data": {"action": "live_pa"}, "timestamp": 1773759533.0757573}
{"sessionId": "0290f3", "runId": "pre-fix", "hypothesisId": "H2", "location": "app.py:action_dispatch", "message": "dispatch_action", "data": {"action": "live_pa"}, "timestamp": 1773759533.86571}
{"sessionId": "0290f3", "runId": "pre-fix", "hypothesisId": "H2", "location": "app.py:action_dispatch", "message": "dispatch_action", "data": {"action": "live_pa"}, "timestamp": 1773759534.7217684}
{"sessionId": "0290f3", "runId": "pre-fix", "hypothesisId": "H2", "location": "app.py:action_dispatch", "message": "dispatch_action", "data": {"action": "live_pa"}, "timestamp": 1773759535.4481838}
{"sessionId": "0290f3", "runId": "pre-fix", "hypothesisId": "H2", "location": "app.py:action_dispatch", "message": "dispatch_action", "data": {"action": "live_pa"}, "timestamp": 1773759535.9991143}
{"sessionId": "0290f3", "runId": "pre-fix", "hypothesisId": "H2", "location": "app.py:action_dispatch", "message": "dispatch_action", "data": {"action": "live_pa"}, "timestamp": 1773759536.1971042}
{"sessionId": "0290f3", "runId": "pre-fix", "hypothesisId": "H2", "location": "app.py:action_dispatch", "message": "dispatch_action", "data": {"action": "live_pa"}, "timestamp": 1773759536.3468127}
{"sessionId": "0290f3", "runId": "pre-fix", "hypothesisId": "H2", "location": "app.py:action_dispatch", "message": "dispatch_action", "data": {"action": "live_pa"}, "timestamp": 1773759536.4621499}
{"sessionId": "0290f3", "runId": "pre-fix", "hypothesisId": "H2", "location": "app.py:action_dispatch", "message": "dispatch_action", "data": {"action": "live_pa"}, "timestamp": 1773759536.615896}
{"sessionId": "0290f3", "runId": "pre-fix", "hypothesisId": "H2", "location": "app.py:action_dispatch", "message": "dispatch_action", "data": {"action": "live_pa"}, "timestamp": 1773759538.7518904}
{"sessionId": "0290f3", "runId": "pre-fix", "hypothesisId": "H2", "location": "app.py:action_dispatch", "message": "dispatch_action", "data": {"action": "live_pa"}, "timestamp": 1773759557.5132236}
{"sessionId": "0290f3", "runId": "pre-fix", "hypothesisId": "H2", "location": "app.py:action_dispatch", "message": "dispatch_action", "data": {"action": "live_pa"}, "timestamp": 1773759557.6718404}
{"sessionId": "0290f3", "runId": "pre-fix", "hypothesisId": "H2", "location": "app.py:action_dispatch", "message": "dispatch_action", "data": {"action": "live_pa"}, "timestamp": 1773759557.7940779}
{"sessionId": "0290f3", "runId": "pre-fix", "hypothesisId": "H2", "location": "app.py:action_dispatch", "message": "dispatch_action", "data": {"action": "live_half"}, "timestamp": 1773759558.2968895}
{"sessionId": "0290f3", "runId": "pre-fix", "hypothesisId": "H2", "location": "app.py:action_dispatch", "message": "dispatch_action", "data": {"action": "live_half"}, "timestamp": 1773759558.3765936}
{"sessionId": "0290f3", "runId": "pre-fix", "hypothesisId": "H2", "location": "app.py:action_dispatch", "message": "dispatch_action", "data": {"action": "live_half"}, "timestamp": 1773759562.499265}
{"sessionId": "0290f3", "runId": "pre-fix", "hypothesisId": "H2", "location": "app.py:action_dispatch", "message": "dispatch_action", "data": {"action": "live_half"}, "timestamp": 1773759563.590401}
{"sessionId": "0290f3", "runId": "pre-fix", "hypothesisId": "H2", "location": "app.py:action_dispatch", "message": "dispatch_action", "data": {"action": "live_half"}, "timestamp": 1773759564.787682}
{"sessionId": "0290f3", "runId": "pre-fix", "hypothesisId": "H2", "location": "app.py:action_dispatch", "message": "dispatch_action", "data": {"action": "live_half"}, "timestamp": 1773759564.9610014}
{"sessionId": "0290f3", "runId": "pre-fix", "hypothesisId": "H2", "location": "app.py:action_dispatch", "message": "dispatch_action", "data": {"action": "live_half"}, "timestamp": 1773759565.0927544}
{"sessionId": "0290f3", "runId": "pre-fix", "hypothesisId": "H2", "location": "app.py:action_dispatch", "message": "dispatch_action", "data": {"action": "live_half"}, "timestamp": 1773759565.2214444}
{"sessionId": "0290f3", "runId": "pre-fix", "hypothesisId": "H2", "location": "app.py:action_dispatch", "message": "dispatch_action", "data": {"action": "simulate_selected"}, "timestamp": 1773759565.9960387}
{"sessionId": "0290f3", "runId": "pre-fix", "hypothesisId": "H1", "location": "season.py:simulate_selected_game", "message": "play_to_end_duration", "data": {"duration_sec": 0.005020856857299805}, "timestamp": 1773759566.0011795}
{"sessionId": "0290f3", "runId": "pre-fix", "hypothesisId": "H2", "location": "app.py:action_dispatch", "message": "dispatch_action", "data": {"action": "simulate_selected"}, "timestamp": 1773759566.0944571}
{"sessionId": "0290f3", "runId": "pre-fix", "hypothesisId": "H2", "location": "app.py:action_dispatch", "message": "dispatch_action", "data": {"action": "simulate_selected"}, "timestamp": 1773759571.8284698}
{"sessionId": "0290f3", "runId": "pre-fix", "hypothesisId": "H2", "location": "app.py:action_dispatch", "message": "dispatch_action", "data": {"action": "simulate_day"}, "timestamp": 1773759574.804578}
{"sessionId": "0290f3", "runId": "pre-fix", "hypothesisId": "H2", "location": "app.py:action_dispatch", "message": "dispatch_action", "data": {"action": "simulate_day"}, "timestamp": 1773759574.8979995}
{"sessionId": "0290f3", "runId": "pre-fix", "hypothesisId": "H2", "location": "app.py:action_dispatch", "message": "dispatch_action", "data": {"action": "simulate_selected"}, "timestamp": 1773759576.5794141}
{"sessionId": "0290f3", "runId": "pre-fix", "hypothesisId": "H1", "location": "season.py:start_selected_game", "message": "start_game_params", "data": {"date": "2025-03-25", "away": "\ud55c\ud654", "home": "LG"}, "timestamp": 1773759576.580934}
{"sessionId": "0290f3", "runId": "pre-fix", "hypothesisId": "H1", "location": "season.py:simulate_selected_game", "message": "play_to_end_duration", "data": {"duration_sec": 0.0029001235961914062}, "timestamp": 1773759576.5868165}
{"sessionId": "0290f3", "runId": "pre-fix", "hypothesisId": "H2", "location": "app.py:action_dispatch", "message": "dispatch_action", "data": {"action": "simulate_selected"}, "timestamp": 1773759576.6563807}
{"sessionId": "0290f3", "runId": "pre-fix", "hypothesisId": "H2", "location": "app.py:action_dispatch", "message": "dispatch_action", "data": {"action": "simulate_selected"}, "timestamp": 1773759578.8267775}
{"sessionId": "0290f3", "runId": "pre-fix", "hypothesisId": "H2", "location": "app.py:action_dispatch", "message": "dispatch_action", "data": {"action": "simulate_day"}, "timestamp": 1773759580.1051898}
{"sessionId": "0290f3", "runId": "pre-fix", "hypothesisId": "H2", "location": "app.py:action_dispatch", "message": "dispatch_action", "data": {"action": "simulate_day"}, "timestamp": 1773759580.1734853}
{"sessionId": "0290f3", "runId": "pre-fix", "hypothesisId": "H2", "location": "app.py:action_dispatch", "message": "dispatch_action", "data": {"action": "simulate_selected"}, "timestamp": 1773759581.051365}
{"sessionId": "0290f3", "runId": "pre-fix", "hypothesisId": "H1", "location": "season.py:start_selected_game", "message": "start_game_params", "data": {"date": "2025-03-27", "away": "\ud55c\ud654", "home": "LG"}, "timestamp": 1773759581.0529747}
{"sessionId": "0290f3", "runId": "pre-fix", "hypothesisId": "H1", "location": "season.py:simulate_selected_game", "message": "play_to_end_duration", "data": {"duration_sec": 0.0021131038665771484}, "timestamp": 1773759581.0568464}
{"sessionId": "0290f3", "runId": "pre-fix", "hypothesisId": "H2", "location": "app.py:action_dispatch", "message": "dispatch_action", "data": {"action": "simulate_selected"}, "timestamp": 1773759581.1323779}
{"sessionId": "0290f3", "runId": "pre-fix", "hypothesisId": "H2", "location": "app.py:action_dispatch", "message": "dispatch_action", "data": {"action": "simulate_day"}, "timestamp": 1773759581.4967515}
{"sessionId": "0290f3", "runId": "pre-fix", "hypothesisId": "H2", "location": "app.py:action_dispatch", "message": "dispatch_action", "data": {"action": "simulate_day"}, "timestamp": 1773759581.5666485}
{"sessionId": "0290f3", "runId": "pre-fix", "hypothesisId": "H2", "location": "app.py:action_dispatch", "message": "dispatch_action", "data": {"action": "simulate_selected"}, "timestamp": 1773759581.8981013}
{"sessionId": "0290f3", "runId": "pre-fix", "hypothesisId": "H1", "location": "season.py:start_selected_game", "message": "start_game_params", "data": {"date": "2025-03-29", "away": "KIA", "home": "\ud55c\ud654"}, "timestamp": 1773759581.9005594}
{"sessionId": "0290f3", "runId": "pre-fix", "hypothesisId": "H1", "location": "season.py:simulate_selected_game", "message": "play_to_end_duration", "data": {"duration_sec": 0.004868507385253906}, "timestamp": 1773759581.907241}
{"sessionId": "0290f3", "runId": "pre-fix", "hypothesisId": "H2", "location": "app.py:action_dispatch", "message": "dispatch_action", "data": {"action": "simulate_selected"}, "timestamp": 1773759581.987996}
{"sessionId": "0290f3", "runId": "pre-fix", "hypothesisId": "H2", "location": "app.py:action_dispatch", "message": "dispatch_action", "data": {"action": "simulate_selected"}, "timestamp": 1773759582.8919446}
{"sessionId": "0290f3", "runId": "pre-fix", "hypothesisId": "H2", "location": "app.py:action_dispatch", "message": "dispatch_action", "data": {"action": "simulate_day"}, "timestamp": 1773759583.185067}
{"sessionId": "0290f3", "runId": "pre-fix", "hypothesisId": "H2", "location": "app.py:action_dispatch", "message": "dispatch_action", "data": {"action": "simulate_day"}, "timestamp": 1773759583.2496145}
{"sessionId": "0290f3", "runId": "pre-fix", "hypothesisId": "H2", "location": "app.py:action_dispatch", "message": "dispatch_action", "data": {"action": "simulate_selected"}, "timestamp": 1773759583.4469147}
{"sessionId": "0290f3", "runId": "pre-fix", "hypothesisId": "H1", "location": "season.py:start_selected_game", "message": "start_game_params", "data": {"date": "2025-04-02", "away": "\ub86f\ub370", "home": "\ud55c\ud654"}, "timestamp": 1773759583.4485862}
{"sessionId": "0290f3", "runId": "pre-fix", "hypothesisId": "H1", "location": "season.py:simulate_selected_game", "message": "play_to_end_duration", "data": {"duration_sec": 0.0032548904418945312}, "timestamp": 1773759583.4539504}
{"sessionId": "0290f3", "runId": "pre-fix", "hypothesisId": "H2", "location": "app.py:action_dispatch", "message": "dispatch_action", "data": {"action": "simulate_selected"}, "timestamp": 1773759583.535585}
{"sessionId": "0290f3", "runId": "pre-fix", "hypothesisId": "H2", "location": "app.py:action_dispatch", "message": "dispatch_action", "data": {"action": "simulate_day"}, "timestamp": 1773759583.6834352}
{"sessionId": "0290f3", "runId": "pre-fix", "hypothesisId": "H2", "location": "app.py:action_dispatch", "message": "dispatch_action", "data": {"action": "simulate_day"}, "timestamp": 1773759583.814538}
{"sessionId": "0290f3", "runId": "pre-fix", "hypothesisId": "H2", "location": "app.py:action_dispatch", "message": "dispatch_action", "data": {"action": "simulate_selected"}, "timestamp": 1773759583.9344206}
{"sessionId": "0290f3", "runId": "pre-fix", "hypothesisId": "H1", "location": "season.py:start_selected_game", "message": "start_game_params", "data": {"date": "2025-04-04", "away": "\ud55c\ud654", "home": "\uc0bc\uc131"}, "timestamp": 1773759583.9366035}
{"sessionId": "0290f3", "runId": "pre-fix", "hypothesisId": "H1", "location": "season.py:simulate_selected_game", "message": "play_to_end_duration", "data": {"duration_sec": 0.004027843475341797}, "timestamp": 1773759583.9423282}
{"sessionId": "0290f3", "runId": "pre-fix", "hypothesisId": "H2", "location": "app.py:action_dispatch", "message": "dispatch_action", "data": {"action": "simulate_selected"}, "timestamp": 1773759584.032066}
{"sessionId": "0290f3", "runId": "pre-fix", "hypothesisId": "H2", "location": "app.py:action_dispatch", "message": "dispatch_action", "data": {"action": "simulate_day"}, "timestamp": 1773759584.8983748}
{"sessionId": "0290f3", "runId": "pre-fix", "hypothesisId": "H2", "location": "app.py:action_dispatch", "message": "dispatch_action", "data": {"action": "simulate_day"}, "timestamp": 1773759584.9631515}
{"sessionId": "0290f3", "runId": "pre-fix", "hypothesisId": "H2", "location": "app.py:action_dispatch", "message": "dispatch_action", "data": {"action": "simulate_selected"}, "timestamp": 1773759585.1654937}
{"sessionId": "0290f3", "runId": "pre-fix", "hypothesisId": "H1", "location": "season.py:start_selected_game", "message": "start_game_params", "data": {"date": "2025-04-06", "away": "\ud55c\ud654", "home": "\uc0bc\uc131"}, "timestamp": 1773759585.1699913}
{"sessionId": "0290f3", "runId": "pre-fix", "hypothesisId": "H1", "location": "season.py:simulate_selected_game", "message": "play_to_end_duration", "data": {"duration_sec": 0.0025854110717773438}, "timestamp": 1773759585.1757858}
{"sessionId": "0290f3", "runId": "pre-fix", "hypothesisId": "H2", "location": "app.py:action_dispatch", "message": "dispatch_action", "data": {"action": "simulate_selected"}, "timestamp": 1773759585.2706544}
{"sessionId": "0290f3", "runId": "pre-fix", "hypothesisId": "H2", "location": "app.py:action_dispatch", "message": "dispatch_action", "data": {"action": "simulate_selected"}, "timestamp": 1773759586.38284}
{"sessionId": "0290f3", "runId": "pre-fix", "hypothesisId": "H2", "location": "app.py:action_dispatch", "message": "dispatch_action", "data": {"action": "simulate_day"}, "timestamp": 1773759586.6829734}
{"sessionId": "0290f3", "runId": "pre-fix", "hypothesisId": "H2", "location": "app.py:action_dispatch", "message": "dispatch_action", "data": {"action": "simulate_day"}, "timestamp": 1773759586.7570655}
{"sessionId": "0290f3", "runId": "pre-fix", "hypothesisId": "H2", "location": "app.py:action_dispatch", "message": "dispatch_action", "data": {"action": "simulate_selected"}, "timestamp": 1773759586.9530895}
{"sessionId": "0290f3", "runId": "pre-fix", "hypothesisId": "H1", "location": "season.py:start_selected_game", "message": "start_game_params", "data": {"date": "2025-04-09", "away": "\ud55c\ud654", "home": "\ub450\uc0b0"}, "timestamp": 1773759586.9555314}
{"sessionId": "0290f3", "runId": "pre-fix", "hypothesisId": "H1", "location": "season.py:simulate_selected_game", "message": "play_to_end_duration", "data": {"duration_sec": 0.004230976104736328}, "timestamp": 1773759586.9613924}
{"sessionId": "0290f3", "runId": "pre-fix", "hypothesisId": "H2", "location": "app.py:action_dispatch", "message": "dispatch_action", "data": {"action": "simulate_selected"}, "timestamp": 1773759587.0498538}
{"sessionId": "0290f3", "runId": "pre-fix", "hypothesisId": "H2", "location": "app.py:action_dispatch", "message": "dispatch_action", "data": {"action": "simulate_day"}, "timestamp": 1773759587.2336435}
{"sessionId": "0290f3", "runId": "pre-fix", "hypothesisId": "H2", "location": "app.py:action_dispatch", "message": "dispatch_action", "data": {"action": "simulate_day"}, "timestamp": 1773759587.3115077}
{"sessionId": "0290f3", "runId": "pre-fix", "hypothesisId": "H2", "location": "app.py:action_dispatch", "message": "dispatch_action", "data": {"action": "simulate_selected"}, "timestamp": 1773759587.468635}
{"sessionId": "0290f3", "runId": "pre-fix", "hypothesisId": "H1", "location": "season.py:start_selected_game", "message": "start_game_params", "data": {"date": "2025-04-11", "away": "\ud0a4\uc6c0", "home": "\ud55c\ud654"}, "timestamp": 1773759587.470323}
{"sessionId": "0290f3", "runId": "pre-fix", "hypothesisId": "H1", "location": "season.py:simulate_selected_game", "message": "play_to_end_duration", "data": {"duration_sec": 0.004603862762451172}, "timestamp": 1773759587.4770632}
{"sessionId": "0290f3", "runId": "pre-fix", "hypothesisId": "H2", "location": "app.py:action_dispatch", "message": "dispatch_action", "data": {"action": "simulate_selected"}, "timestamp": 1773759587.56654}
{"sessionId": "0290f3", "runId": "pre-fix", "hypothesisId": "H2", "location": "app.py:action_dispatch", "message": "dispatch_action", "data": {"action": "simulate_day"}, "timestamp": 1773759587.703746}
{"sessionId": "0290f3", "runId": "pre-fix", "hypothesisId": "H2", "location": "app.py:action_dispatch", "message": "dispatch_action", "data": {"action": "simulate_day"}, "timestamp": 1773759587.7800794}
{"sessionId": "0290f3", "runId": "pre-fix", "hypothesisId": "H2", "location": "app.py:action_dispatch", "message": "dispatch_action", "data": {"action": "simulate_day"}, "timestamp": 1773759588.6483984}
{"sessionId": "0290f3", "runId": "pre-fix", "hypothesisId": "H2", "location": "app.py:action_dispatch", "message": "dispatch_action", "data": {"action": "simulate_selected"}, "timestamp": 1773759588.9158661}
{"sessionId": "0290f3", "runId": "pre-fix", "hypothesisId": "H1", "location": "season.py:start_selected_game", "message": "start_game_params", "data": {"date": "2025-04-13", "away": "\ud0a4\uc6c0", "home": "\ud55c\ud654"}, "timestamp": 1773759588.9190671}
{"sessionId": "0290f3", "runId": "pre-fix", "hypothesisId": "H1", "location": "season.py:simulate_selected_game", "message": "play_to_end_duration", "data": {"duration_sec": 0.0023186206817626953}, "timestamp": 1773759588.9239755}
{"sessionId": "0290f3", "runId": "pre-fix", "hypothesisId": "H2", "location": "app.py:action_dispatch", "message": "dispatch_action", "data": {"action": "simulate_selected"}, "timestamp": 1773759589.0119913}
{"sessionId": "0290f3", "runId": "pre-fix", "hypothesisId": "H2", "location": "app.py:action_dispatch", "message": "dispatch_action", "data": {"action": "simulate_day"}, "timestamp": 1773759589.9325383}
{"sessionId": "0290f3", "runId": "pre-fix", "hypothesisId": "H2", "location": "app.py:action_dispatch", "message": "dispatch_action", "data": {"action": "simulate_day"}, "timestamp": 1773759590.007777}
{"sessionId": "0290f3", "runId": "pre-fix", "hypothesisId": "H2", "location": "app.py:action_dispatch", "message": "dispatch_action", "data": {"action": "simulate_selected"}, "timestamp": 1773759590.2398415}
{"sessionId": "0290f3", "runId": "pre-fix", "hypothesisId": "H1", "location": "season.py:start_selected_game", "message": "start_game_params", "data": {"date": "2025-04-16", "away": "\ud55c\ud654", "home": "SSG"}, "timestamp": 1773759590.2410285}
{"sessionId": "0290f3", "runId": "pre-fix", "hypothesisId": "H1", "location": "season.py:simulate_selected_game", "message": "play_to_end_duration", "data": {"duration_sec": 0.00572967529296875}, "timestamp": 1773759590.2495701}
{"sessionId": "0290f3", "runId": "pre-fix", "hypothesisId": "H2", "location": "app.py:action_dispatch", "message": "dispatch_action", "data": {"action": "simulate_selected"}, "timestamp": 1773759590.556145}
{"sessionId": "0290f3", "runId": "pre-fix", "hypothesisId": "H2", "location": "app.py:action_dispatch", "message": "dispatch_action", "data": {"action": "simulate_selected"}, "timestamp": 1773759590.7841022}
{"sessionId": "0290f3", "runId": "pre-fix", "hypothesisId": "H2", "location": "app.py:action_dispatch", "message": "dispatch_action", "data": {"action": "simulate_day"}, "timestamp": 1773759591.034636}
{"sessionId": "0290f3", "runId": "pre-fix", "hypothesisId": "H2", "location": "app.py:action_dispatch", "message": "dispatch_action", "data": {"action": "simulate_day"}, "timestamp": 1773759591.1071239}
{"sessionId": "0290f3", "runId": "pre-fix", "hypothesisId": "H2", "location": "app.py:action_dispatch", "message": "dispatch_action", "data": {"action": "simulate_selected"}, "timestamp": 1773759591.90094}
{"sessionId": "0290f3", "runId": "pre-fix", "hypothesisId": "H1", "location": "season.py:start_selected_game", "message": "start_game_params", "data": {"date": "2025-04-18", "away": "NC", "home": "\ud55c\ud654"}, "timestamp": 1773759591.902473}
{"sessionId": "0290f3", "runId": "pre-fix", "hypothesisId": "H1", "location": "season.py:simulate_selected_game", "message": "play_to_end_duration", "data": {"duration_sec": 0.003952503204345703}, "timestamp": 1773759591.9089117}
{"sessionId": "0290f3", "runId": "pre-fix", "hypothesisId": "H2", "location": "app.py:action_dispatch", "message": "dispatch_action", "data": {"action": "simulate_selected"}, "timestamp": 1773759592.0039053}
{"sessionId": "0290f3", "runId": "pre-fix", "hypothesisId": "H2", "location": "app.py:action_dispatch", "message": "dispatch_action", "data": {"action": "simulate_day"}, "timestamp": 1773759592.4352143}
{"sessionId": "0290f3", "runId": "pre-fix", "hypothesisId": "H2", "location": "app.py:action_dispatch", "message": "dispatch_action", "data": {"action": "simulate_day"}, "timestamp": 1773759592.5127509}
{"sessionId": "0290f3", "runId": "pre-fix", "hypothesisId": "H2", "location": "app.py:action_dispatch", "message": "dispatch_action", "data": {"action": "simulate_selected"}, "timestamp": 1773759592.7005563}
{"sessionId": "0290f3", "runId": "pre-fix", "hypothesisId": "H1", "location": "season.py:start_selected_game", "message": "start_game_params", "data": {"date": "2025-04-20", "away": "NC", "home": "\ud55c\ud654"}, "timestamp": 1773759592.7022414}
{"sessionId": "0290f3", "runId": "pre-fix", "hypothesisId": "H1", "location": "season.py:simulate_selected_game", "message": "play_to_end_duration", "data": {"duration_sec": 0.005109548568725586}, "timestamp": 1773759592.7096558}
{"sessionId": "0290f3", "runId": "pre-fix", "hypothesisId": "H2", "location": "app.py:action_dispatch", "message": "dispatch_action", "data": {"action": "simulate_selected"}, "timestamp": 1773759592.8121378}
{"sessionId": "0290f3", "runId": "pre-fix", "hypothesisId": "H2", "location": "app.py:action_dispatch", "message": "dispatch_action", "data": {"action": "simulate_day"}, "timestamp": 1773759592.9603536}
{"sessionId": "0290f3", "runId": "pre-fix", "hypothesisId": "H2", "location": "app.py:action_dispatch", "message": "dispatch_action", "data": {"action": "simulate_day"}, "timestamp": 1773759593.0389414}
{"sessionId": "0290f3", "runId": "pre-fix", "hypothesisId": "H2", "location": "app.py:action_dispatch", "message": "dispatch_action", "data": {"action": "simulate_day"}, "timestamp": 1773759593.9505754}
{"sessionId": "0290f3", "runId": "pre-fix", "hypothesisId": "H2", "location": "app.py:action_dispatch", "message": "dispatch_action", "data": {"action": "simulate_selected"}, "timestamp": 1773759594.2260716}
{"sessionId": "0290f3", "runId": "pre-fix", "hypothesisId": "H1", "location": "season.py:start_selected_game", "message": "start_game_params", "data": {"date": "2025-04-23", "away": "\ud55c\ud654", "home": "\ub86f\ub370"}, "timestamp": 1773759594.2302635}
{"sessionId": "0290f3", "runId": "pre-fix", "hypothesisId": "H1", "location": "season.py:simulate_selected_game", "message": "play_to_end_duration", "data": {"duration_sec": 0.0036013126373291016}, "timestamp": 1773759594.236235}
{"sessionId": "0290f3", "runId": "pre-fix", "hypothesisId": "H2", "location": "app.py:action_dispatch", "message": "dispatch_action", "data": {"action": "simulate_day"}, "timestamp": 1773759594.5658083}
{"sessionId": "0290f3", "runId": "pre-fix", "hypothesisId": "H2", "location": "app.py:action_dispatch", "message": "dispatch_action", "data": {"action": "simulate_day"}, "timestamp": 1773759594.6505659}
{"sessionId": "0290f3", "runId": "pre-fix", "hypothesisId": "H2", "location": "app.py:action_dispatch", "message": "dispatch_action", "data": {"action": "simulate_selected"}, "timestamp": 1773759594.7874124}
{"sessionId": "0290f3", "runId": "pre-fix", "hypothesisId": "H1", "location": "season.py:start_selected_game", "message": "start_game_params", "data": {"date": "2025-04-25", "away": "KT", "home": "\ud55c\ud654"}, "timestamp": 1773759594.789745}
{"sessionId": "0290f3", "runId": "pre-fix", "hypothesisId": "H1", "location": "season.py:simulate_selected_game", "message": "play_to_end_duration", "data": {"duration_sec": 0.0046231746673583984}, "timestamp": 1773759594.7959378}
{"sessionId": "0290f3", "runId": "pre-fix", "hypothesisId": "H2", "location": "app.py:action_dispatch", "message": "dispatch_action", "data": {"action": "simulate_selected"}, "timestamp": 1773759594.906648}
{"sessionId": "0290f3", "runId": "pre-fix", "hypothesisId": "H2", "location": "app.py:action_dispatch", "message": "dispatch_action", "data": {"action": "simulate_day"}, "timestamp": 1773759595.0393226}
{"sessionId": "0290f3", "runId": "pre-fix", "hypothesisId": "H2", "location": "app.py:action_dispatch", "message": "dispatch_action", "data": {"action": "simulate_day"}, "timestamp": 1773759595.131419}
{"sessionId": "0290f3", "runId": "pre-fix", "hypothesisId": "H2", "location": "app.py:action_dispatch", "message": "dispatch_action", "data": {"action": "simulate_selected"}, "timestamp": 1773759595.2969155}
{"sessionId": "0290f3", "runId": "pre-fix", "hypothesisId": "H1", "location": "season.py:start_selected_game", "message": "start_game_params", "data": {"date": "2025-04-27", "away": "KT", "home": "\ud55c\ud654"}, "timestamp": 1773759595.298424}
{"sessionId": "0290f3", "runId": "pre-fix", "hypothesisId": "H1", "location": "season.py:simulate_selected_game", "message": "play_to_end_duration", "data": {"duration_sec": 0.0031032562255859375}, "timestamp": 1773759595.3035274}
{"sessionId": "0290f3", "runId": "pre-fix", "hypothesisId": "H2", "location": "app.py:action_dispatch", "message": "dispatch_action", "data": {"action": "simulate_selected"}, "timestamp": 1773759595.4137244}
{"sessionId": "0290f3", "runId": "pre-fix", "hypothesisId": "H2", "location": "app.py:action_dispatch", "message": "dispatch_action", "data": {"action": "simulate_day"}, "timestamp": 1773759595.6025841}
{"sessionId": "0290f3", "runId": "pre-fix", "hypothesisId": "H2", "location": "app.py:action_dispatch", "message": "dispatch_action", "data": {"action": "simulate_day"}, "timestamp": 1773759595.6894553}
{"sessionId": "0290f3", "runId": "pre-fix", "hypothesisId": "H2", "location": "app.py:action_dispatch", "message": "dispatch_action", "data": {"action": "simulate_selected"}, "timestamp": 1773759596.8034785}
{"sessionId": "0290f3", "runId": "pre-fix", "hypothesisId": "H1", "location": "season.py:start_selected_game", "message": "start_game_params", "data": {"date": "2025-04-30", "away": "LG", "home": "\ud55c\ud654"}, "timestamp": 1773759596.8068137}
{"sessionId": "0290f3", "runId": "pre-fix", "hypothesisId": "H1", "location": "season.py:simulate_selected_game", "message": "play_to_end_duration", "data": {"duration_sec": 0.0036225318908691406}, "timestamp": 1773759596.8124688}
{"sessionId": "0290f3", "runId": "pre-fix", "hypothesisId": "H2", "location": "app.py:action_dispatch", "message": "dispatch_action", "data": {"action": "simulate_selected"}, "timestamp": 1773759596.9189484}
{"sessionId": "0290f3", "runId": "pre-fix", "hypothesisId": "H2", "location": "app.py:action_dispatch", "message": "dispatch_action", "data": {"action": "simulate_selected"}, "timestamp": 1773759598.2524269}
{"sessionId": "0290f3", "runId": "pre-fix", "hypothesisId": "H2", "location": "app.py:action_dispatch", "message": "dispatch_action", "data": {"action": "simulate_selected"}, "timestamp": 1773759599.155255}
{"sessionId": "0290f3", "runId": "pre-fix", "hypothesisId": "H2", "location": "app.py:action_dispatch", "message": "dispatch_action", "data": {"action": "simulate_day"}, "timestamp": 1773759600.0040243}
{"sessionId": "0290f3", "runId": "pre-fix", "hypothesisId": "H2", "location": "app.py:action_dispatch", "message": "dispatch_action", "data": {"action": "simulate_day"}, "timestamp": 1773759600.0833514}
{"sessionId": "0290f3", "runId": "pre-fix", "hypothesisId": "H2", "location": "app.py:action_dispatch", "message": "dispatch_action", "data": {"action": "simulate_day"}, "timestamp": 1773759601.3483949}
{"sessionId": "0290f3", "runId": "pre-fix", "hypothesisId": "H2", "location": "app.py:action_dispatch", "message": "dispatch_action", "data": {"action": "simulate_day"}, "timestamp": 1773759601.5123231}
{"sessionId": "0290f3", "runId": "pre-fix", "hypothesisId": "H2", "location": "app.py:action_dispatch", "message": "dispatch_action", "data": {"action": "simulate_day"}, "timestamp": 1773759601.6390643}
{"sessionId": "0290f3", "runId": "pre-fix", "hypothesisId": "H2", "location": "app.py:action_dispatch", "message": "dispatch_action", "data": {"action": "simulate_day"}, "timestamp": 1773759601.7746253}
{"sessionId": "0290f3", "runId": "pre-fix", "hypothesisId": "H2", "location": "app.py:action_dispatch", "message": "dispatch_action", "data": {"action": "simulate_day"}, "timestamp": 1773759601.8847148}
{"sessionId": "0290f3", "runId": "pre-fix", "hypothesisId": "H2", "location": "app.py:action_dispatch", "message": "dispatch_action", "data": {"action": "simulate_day"}, "timestamp": 1773759602.0414805}
{"sessionId": "0290f3", "runId": "pre-fix", "hypothesisId": "H2", "location": "app.py:action_dispatch", "message": "dispatch_action", "data": {"action": "simulate_day"}, "timestamp": 1773759602.1923635}
{"sessionId": "0290f3", "runId": "pre-fix", "hypothesisId": "H2", "location": "app.py:action_dispatch", "message": "dispatch_action", "data": {"action": "simulate_selected"}, "timestamp": 1773759602.5386648}
{"sessionId": "0290f3", "runId": "pre-fix", "hypothesisId": "H1", "location": "season.py:start_selected_game", "message": "start_game_params", "data": {"date": "2025-05-02", "away": "\ud55c\ud654", "home": "KIA"}, "timestamp": 1773759602.5401542}
{"sessionId": "0290f3", "runId": "pre-fix", "hypothesisId": "H1", "location": "season.py:simulate_selected_game", "message": "play_to_end_duration", "data": {"duration_sec": 0.002121448516845703}, "timestamp": 1773759602.5463727}
{"sessionId": "0290f3", "runId": "pre-fix", "hypothesisId": "H2", "location": "app.py:action_dispatch", "message": "dispatch_action", "data": {"action": "simulate_selected"}, "timestamp": 1773759602.6827848}
{"sessionId": "0290f3", "runId": "pre-fix", "hypothesisId": "H2", "location": "app.py:action_dispatch", "message": "dispatch_action", "data": {"action": "simulate_selected"}, "timestamp": 1773759603.9168582}
{"sessionId": "0290f3", "runId": "pre-fix", "hypothesisId": "H2", "location": "app.py:action_dispatch", "message": "dispatch_action", "data": {"action": "simulate_selected"}, "timestamp": 1773759604.6133997}
{"sessionId": "0290f3", "runId": "pre-fix", "hypothesisId": "H2", "location": "app.py:action_dispatch", "message": "dispatch_action", "data": {"action": "simulate_selected"}, "timestamp": 1773759605.1041446}
{"sessionId": "0290f3", "runId": "pre-fix", "hypothesisId": "H2", "location": "app.py:action_dispatch", "message": "dispatch_action", "data": {"action": "simulate_selected"}, "timestamp": 1773759605.4922764}
{"sessionId": "0290f3", "runId": "pre-fix", "hypothesisId": "H2", "location": "app.py:action_dispatch", "message": "dispatch_action", "data": {"action": "simulate_selected"}, "timestamp": 1773759605.67273}
{"sessionId": "0290f3", "runId": "pre-fix", "hypothesisId": "H2", "location": "app.py:action_dispatch", "message": "dispatch_action", "data": {"action": "start_or_resume"}, "timestamp": 1773759606.1381156}
{"sessionId": "0290f3", "runId": "pre-fix", "hypothesisId": "H2", "location": "app.py:action_dispatch", "message": "dispatch_action", "data": {"action": "start_or_resume"}, "timestamp": 1773759606.1755855}
{"sessionId": "0290f3", "runId": "pre-fix", "hypothesisId": "H2", "location": "app.py:action_dispatch", "message": "dispatch_action", "data": {"action": "simulate_selected"}, "timestamp": 1773759606.9722683}
{"sessionId": "0290f3", "runId": "pre-fix", "hypothesisId": "H2", "location": "app.py:action_dispatch", "message": "dispatch_action", "data": {"action": "simulate_selected"}, "timestamp": 1773759607.0074403}
{"sessionId": "0290f3", "runId": "pre-fix", "hypothesisId": "H2", "location": "app.py:action_dispatch", "message": "dispatch_action", "data": {"action": "simulate_day"}, "timestamp": 1773759607.7165854}
{"sessionId": "0290f3", "runId": "pre-fix", "hypothesisId": "H2", "location": "app.py:action_dispatch", "message": "dispatch_action", "data": {"action": "simulate_day"}, "timestamp": 1773759607.8048923}
{"sessionId": "0290f3", "runId": "pre-fix", "hypothesisId": "H2", "location": "app.py:action_dispatch", "message": "dispatch_action", "data": {"action": "simulate_selected"}, "timestamp": 1773759608.9409182}
{"sessionId": "0290f3", "runId": "pre-fix", "hypothesisId": "H1", "location": "season.py:start_selected_game", "message": "start_game_params", "data": {"date": "2025-05-04", "away": "\ud55c\ud654", "home": "KIA"}, "timestamp": 1773759608.9426835}
{"sessionId": "0290f3", "runId": "pre-fix", "hypothesisId": "H1", "location": "season.py:simulate_selected_game", "message": "play_to_end_duration", "data": {"duration_sec": 0.0033452510833740234}, "timestamp": 1773759608.9485977}
{"sessionId": "0290f3", "runId": "pre-fix", "hypothesisId": "H2", "location": "app.py:action_dispatch", "message": "dispatch_action", "data": {"action": "simulate_selected"}, "timestamp": 1773759609.0579052}
{"sessionId": "0290f3", "runId": "pre-fix", "hypothesisId": "H2", "location": "app.py:action_dispatch", "message": "dispatch_action", "data": {"action": "simulate_day"}, "timestamp": 1773759609.3976474}
{"sessionId": "0290f3", "runId": "pre-fix", "hypothesisId": "H2", "location": "app.py:action_dispatch", "message": "dispatch_action", "data": {"action": "simulate_day"}, "timestamp": 1773759609.5098755}
{"sessionId": "0290f3", "runId": "pre-fix", "hypothesisId": "H2", "location": "app.py:action_dispatch", "message": "dispatch_action", "data": {"action": "simulate_selected"}, "timestamp": 1773759609.6116743}
{"sessionId": "0290f3", "runId": "pre-fix", "hypothesisId": "H1", "location": "season.py:start_selected_game", "message": "start_game_params", "data": {"date": "2025-05-06", "away": "\uc0bc\uc131", "home": "\ud55c\ud654"}, "timestamp": 1773759609.6132016}
{"sessionId": "0290f3", "runId": "pre-fix", "hypothesisId": "H1", "location": "season.py:simulate_selected_game", "message": "play_to_end_duration", "data": {"duration_sec": 0.003086090087890625}, "timestamp": 1773759609.6192448}
{"sessionId": "0290f3", "runId": "pre-fix", "hypothesisId": "H2", "location": "app.py:action_dispatch", "message": "dispatch_action", "data": {"action": "simulate_selected"}, "timestamp": 1773759609.7447038}
{"sessionId": "0290f3", "runId": "pre-fix", "hypothesisId": "H2", "location": "app.py:action_dispatch", "message": "dispatch_action", "data": {"action": "simulate_day"}, "timestamp": 1773759609.8576472}
{"sessionId": "0290f3", "runId": "pre-fix", "hypothesisId": "H2", "location": "app.py:action_dispatch", "message": "dispatch_action", "data": {"action": "simulate_day"}, "timestamp": 1773759609.9583979}
{"sessionId": "0290f3", "runId": "pre-fix", "hypothesisId": "H2", "location": "app.py:action_dispatch", "message": "dispatch_action", "data": {"action": "simulate_selected"}, "timestamp": 1773759610.0956986}
{"sessionId": "0290f3", "runId": "pre-fix", "hypothesisId": "H1", "location": "season.py:start_selected_game", "message": "start_game_params", "data": {"date": "2025-05-09", "away": "\ud55c\ud654", "home": "\ud0a4\uc6c0"}, "timestamp": 1773759610.0974789}
{"sessionId": "0290f3", "runId": "pre-fix", "hypothesisId": "H1", "location": "season.py:simulate_selected_game", "message": "play_to_end_duration", "data": {"duration_sec": 0.004765987396240234}, "timestamp": 1773759610.1051633}
{"sessionId": "0290f3", "runId": "pre-fix", "hypothesisId": "H2", "location": "app.py:action_dispatch", "message": "dispatch_action", "data": {"action": "simulate_selected"}, "timestamp": 1773759610.209081}
{"sessionId": "0290f3", "runId": "pre-fix", "hypothesisId": "H2", "location": "app.py:action_dispatch", "message": "dispatch_action", "data": {"action": "start_or_resume"}, "timestamp": 1773760683.8325553}
{"sessionId": "0290f3", "runId": "pre-fix", "hypothesisId": "H1", "location": "season.py:start_selected_game", "message": "start_game_params", "data": {"date": "2025-05-10", "away": "\ud55c\ud654", "home": "\ud0a4\uc6c0"}, "timestamp": 1773760683.883815}
{"sessionId": "0290f3", "runId": "pre-fix", "hypothesisId": "H2", "location": "app.py:action_dispatch", "message": "dispatch_action", "data": {"action": "start_or_resume"}, "timestamp": 1773760683.9344509}
{"sessionId": "0290f3", "runId": "pre-fix", "hypothesisId": "H2", "location": "app.py:action_dispatch", "message": "dispatch_action", "data": {"action": null}, "timestamp": 1773761644.2874007}
{"sessionId": "0290f3", "runId": "pre-fix", "hypothesisId": "H2", "location": "app.py:action_dispatch", "message": "dispatch_action", "data": {"action": null}, "timestamp": 1773761676.9212415}
{"sessionId": "0290f3", "runId": "pre-fix", "hypothesisId": "H2", "location": "app.py:action_dispatch", "message": "dispatch_action", "data": {"action": null}, "timestamp": 1773761736.3035805}
{"sessionId": "0290f3", "runId": "pre-fix", "hypothesisId": "H2", "location": "app.py:action_dispatch", "message": "dispatch_action", "data": {"action": "start_or_resume"}, "timestamp": 1773761743.7340088}
{"sessionId": "0290f3", "runId": "pre-fix", "hypothesisId": "H1", "location": "season.py:start_selected_game", "message": "start_game_params", "data": {"date": "2025-03-22", "away": "\ud55c\ud654", "home": "KT"}, "timestamp": 1773761743.7355263}
{"sessionId": "0290f3", "runId": "pre-fix", "hypothesisId": "H2", "location": "app.py:action_dispatch", "message": "dispatch_action", "data": {"action": "start_or_resume"}, "timestamp": 1773761743.7938797}
{"sessionId": "0290f3", "runId": "pre-fix", "hypothesisId": "H2", "location": "app.py:action_dispatch", "message": "dispatch_action", "data": {"action": "live_pa"}, "timestamp": 1773761759.1333966}
{"sessionId": "0290f3", "runId": "pre-fix", "hypothesisId": "H2", "location": "app.py:action_dispatch", "message": "dispatch_action", "data": {"action": "live_pa"}, "timestamp": 1773761759.17255}
{"sessionId": "0290f3", "runId": "pre-fix", "hypothesisId": "H2", "location": "app.py:action_dispatch", "message": "dispatch_action", "data": {"action": "live_half"}, "timestamp": 1773762493.7711399}
{"sessionId": "0290f3", "runId": "pre-fix", "hypothesisId": "H2", "location": "app.py:action_dispatch", "message": "dispatch_action", "data": {"action": "live_half"}, "timestamp": 1773762493.8188314}
{"sessionId": "0290f3", "runId": "pre-fix", "hypothesisId": "H2", "location": "app.py:action_dispatch", "message": "dispatch_action", "data": {"action": "live_half"}, "timestamp": 1773762494.8354592}
{"sessionId": "0290f3", "runId": "pre-fix", "hypothesisId": "H2", "location": "app.py:action_dispatch", "message": "dispatch_action", "data": {"action": "live_half"}, "timestamp": 1773762496.7310908}
{"sessionId": "0290f3", "runId": "pre-fix", "hypothesisId": "H2", "location": "app.py:action_dispatch", "message": "dispatch_action", "data": {"action": "live_pa"}, "timestamp": 1773762499.145084}
{"sessionId": "0290f3", "runId": "pre-fix", "hypothesisId": "H2", "location": "app.py:action_dispatch", "message": "dispatch_action", "data": {"action": "live_pa"}, "timestamp": 1773762499.1776338}
{"sessionId": "0290f3", "runId": "pre-fix", "hypothesisId": "H2", "location": "app.py:action_dispatch", "message": "dispatch_action", "data": {"action": "live_pa"}, "timestamp": 1773762500.1701217}
{"sessionId": "0290f3", "runId": "pre-fix", "hypothesisId": "H2", "location": "app.py:action_dispatch", "message": "dispatch_action", "data": {"action": "live_pa"}, "timestamp": 1773762501.02976}
{"sessionId": "0290f3", "runId": "pre-fix", "hypothesisId": "H2", "location": "app.py:action_dispatch", "message": "dispatch_action", "data": {"action": "live_pa"}, "timestamp": 1773762501.7878385}
{"sessionId": "0290f3", "runId": "pre-fix", "hypothesisId": "H2", "location": "app.py:action_dispatch", "message": "dispatch_action", "data": {"action": "live_half"}, "timestamp": 1773762503.250514}
{"sessionId": "0290f3", "runId": "pre-fix", "hypothesisId": "H2", "location": "app.py:action_dispatch", "message": "dispatch_action", "data": {"action": "live_half"}, "timestamp": 1773762503.2815168}
{"sessionId": "0290f3", "runId": "pre-fix", "hypothesisId": "H2", "location": "app.py:action_dispatch", "message": "dispatch_action", "data": {"action": "live_pa"}, "timestamp": 1773762504.337509}
{"sessionId": "0290f3", "runId": "pre-fix", "hypothesisId": "H2", "location": "app.py:action_dispatch", "message": "dispatch_action", "data": {"action": "live_pa"}, "timestamp": 1773762504.3710072}
